{"/home/tana/Uni/Cuarto/SyTW/utopia-app/server/src/app.ts": {"path":"/home/tana/Uni/Cuarto/SyTW/utopia-app/server/src/app.ts","statementMap":{"0":{"start":{"line":1,"column":0},"end":{"line":1,"column":35}},"1":{"start":{"line":2,"column":0},"end":{"line":2,"column":29}},"2":{"start":{"line":3,"column":0},"end":{"line":3,"column":48}},"3":{"start":{"line":4,"column":0},"end":{"line":4,"column":42}},"4":{"start":{"line":5,"column":0},"end":{"line":5,"column":40}},"5":{"start":{"line":7,"column":0},"end":{"line":7,"column":46}},"6":{"start":{"line":9,"column":12},"end":{"line":9,"column":21}},"7":{"start":{"line":11,"column":0},"end":{"line":13,"column":4}},"8":{"start":{"line":15,"column":0},"end":{"line":15,"column":24}},"9":{"start":{"line":16,"column":0},"end":{"line":16,"column":20}},"10":{"start":{"line":17,"column":0},"end":{"line":17,"column":19}},"11":{"start":{"line":19,"column":0},"end":{"line":19,"column":22}},"12":{"start":{"line":20,"column":0},"end":{"line":20,"column":23}},"13":{"start":{"line":22,"column":0},"end":{"line":22,"column":19}}},"fnMap":{},"branchMap":{},"s":{"0":1,"1":1,"2":1,"3":1,"4":1,"5":1,"6":1,"7":1,"8":1,"9":1,"10":1,"11":1,"12":1,"13":1},"f":{},"b":{}}
,"/home/tana/Uni/Cuarto/SyTW/utopia-app/server/src/db/mongoose.ts": {"path":"/home/tana/Uni/Cuarto/SyTW/utopia-app/server/src/db/mongoose.ts","statementMap":{"0":{"start":{"line":1,"column":0},"end":{"line":1,"column":27}},"1":{"start":{"line":2,"column":0},"end":{"line":2,"column":37}},"2":{"start":{"line":5,"column":54},"end":{"line":5,"column":65}},"3":{"start":{"line":11,"column":22},"end":{"line":13,"column":16}},"4":{"start":{"line":18,"column":0},"end":{"line":25,"column":3}},"5":{"start":{"line":21,"column":2},"end":{"line":21,"column":58}},"6":{"start":{"line":23,"column":2},"end":{"line":23,"column":54}},"7":{"start":{"line":24,"column":2},"end":{"line":24,"column":19}},"8":{"start":{"line":27,"column":11},"end":{"line":27,"column":30}},"9":{"start":{"line":30,"column":0},"end":{"line":30,"column":18}}},"fnMap":{"0":{"name":"(anonymous_0)","decl":{"start":{"line":20,"column":8},"end":{"line":20,"column":11}},"loc":{"start":{"line":20,"column":13},"end":{"line":22,"column":1}}},"1":{"name":"(anonymous_1)","decl":{"start":{"line":22,"column":9},"end":{"line":22,"column":10}},"loc":{"start":{"line":22,"column":17},"end":{"line":25,"column":1}}}},"branchMap":{"0":{"loc":{"start":{"line":11,"column":22},"end":{"line":13,"column":16}},"type":"cond-expr","locations":[{"start":{"line":12,"column":4},"end":{"line":12,"column":21}},{"start":{"line":13,"column":4},"end":{"line":13,"column":16}}]}},"s":{"0":1,"1":1,"2":1,"3":1,"4":1,"5":1,"6":0,"7":0,"8":1,"9":1},"f":{"0":1,"1":0},"b":{"0":[1,0]}}
,"/home/tana/Uni/Cuarto/SyTW/utopia-app/server/src/middleware/authJwt.ts": {"path":"/home/tana/Uni/Cuarto/SyTW/utopia-app/server/src/middleware/authJwt.ts","statementMap":{"0":{"start":{"line":1,"column":0},"end":{"line":1,"column":27}},"1":{"start":{"line":4,"column":0},"end":{"line":4,"column":58}},"2":{"start":{"line":14,"column":26},"end":{"line":29,"column":1}},"3":{"start":{"line":15,"column":2},"end":{"line":28,"column":null}},"4":{"start":{"line":16,"column":18},"end":{"line":16,"column":69}},"5":{"start":{"line":18,"column":4},"end":{"line":20,"column":null}},"6":{"start":{"line":19,"column":6},"end":{"line":19,"column":24}},"7":{"start":{"line":22,"column":20},"end":{"line":22,"column":76}},"8":{"start":{"line":23,"column":5},"end":{"line":23,"column":43}},"9":{"start":{"line":25,"column":4},"end":{"line":25,"column":11}},"10":{"start":{"line":27,"column":4},"end":{"line":27,"column":48}},"11":{"start":{"line":32,"column":0},"end":{"line":32,"column":33}}},"fnMap":{"0":{"name":"(anonymous_0)","decl":{"start":{"line":14,"column":26},"end":{"line":14,"column":31}},"loc":{"start":{"line":14,"column":84},"end":{"line":29,"column":1}}}},"branchMap":{"0":{"loc":{"start":{"line":18,"column":4},"end":{"line":20,"column":null}},"type":"if","locations":[{"start":{"line":18,"column":4},"end":{"line":20,"column":null}}]}},"s":{"0":1,"1":1,"2":1,"3":0,"4":0,"5":0,"6":0,"7":0,"8":0,"9":0,"10":0,"11":1},"f":{"0":0},"b":{"0":[0]}}
,"/home/tana/Uni/Cuarto/SyTW/utopia-app/server/src/models/account.ts": {"path":"/home/tana/Uni/Cuarto/SyTW/utopia-app/server/src/models/account.ts","statementMap":{"0":{"start":{"line":1,"column":0},"end":{"line":1,"column":46}},"1":{"start":{"line":17,"column":22},"end":{"line":52,"column":2}},"2":{"start":{"line":57,"column":14},"end":{"line":57,"column":74}}},"fnMap":{},"branchMap":{},"s":{"0":1,"1":1,"2":1},"f":{},"b":{}}
,"/home/tana/Uni/Cuarto/SyTW/utopia-app/server/src/models/post.ts": {"path":"/home/tana/Uni/Cuarto/SyTW/utopia-app/server/src/models/post.ts","statementMap":{"0":{"start":{"line":1,"column":0},"end":{"line":1,"column":49}},"1":{"start":{"line":14,"column":19},"end":{"line":42,"column":2}},"2":{"start":{"line":47,"column":13},"end":{"line":47,"column":69}}},"fnMap":{},"branchMap":{},"s":{"0":1,"1":1,"2":1},"f":{},"b":{}}
,"/home/tana/Uni/Cuarto/SyTW/utopia-app/server/src/routers/default.ts": {"path":"/home/tana/Uni/Cuarto/SyTW/utopia-app/server/src/routers/default.ts","statementMap":{"0":{"start":{"line":1,"column":0},"end":{"line":1,"column":35}},"1":{"start":{"line":6,"column":13},"end":{"line":6,"column":46}},"2":{"start":{"line":8,"column":0},"end":{"line":10,"column":3}},"3":{"start":{"line":9,"column":2},"end":{"line":9,"column":25}}},"fnMap":{"0":{"name":"(anonymous_0)","decl":{"start":{"line":8,"column":23},"end":{"line":8,"column":24}},"loc":{"start":{"line":8,"column":34},"end":{"line":10,"column":1}}}},"branchMap":{},"s":{"0":1,"1":1,"2":1,"3":0},"f":{"0":0},"b":{}}
,"/home/tana/Uni/Cuarto/SyTW/utopia-app/server/src/routers/delete.ts": {"path":"/home/tana/Uni/Cuarto/SyTW/utopia-app/server/src/routers/delete.ts","statementMap":{"0":{"start":{"line":1,"column":0},"end":{"line":1,"column":35}},"1":{"start":{"line":2,"column":0},"end":{"line":2,"column":44}},"2":{"start":{"line":3,"column":0},"end":{"line":3,"column":38}},"3":{"start":{"line":5,"column":0},"end":{"line":5,"column":54}},"4":{"start":{"line":10,"column":13},"end":{"line":10,"column":45}},"5":{"start":{"line":15,"column":0},"end":{"line":34,"column":5}},"6":{"start":{"line":16,"column":19},"end":{"line":16,"column":104}},"7":{"start":{"line":17,"column":4},"end":{"line":33,"column":null}},"8":{"start":{"line":18,"column":8},"end":{"line":18,"column":69}},"9":{"start":{"line":20,"column":8},"end":{"line":29,"column":15}},"10":{"start":{"line":22,"column":16},"end":{"line":26,"column":null}},"11":{"start":{"line":23,"column":20},"end":{"line":23,"column":43}},"12":{"start":{"line":25,"column":20},"end":{"line":25,"column":38}},"13":{"start":{"line":28,"column":16},"end":{"line":28,"column":39}},"14":{"start":{"line":30,"column":8},"end":{"line":32,"column":11}},"15":{"start":{"line":31,"column":12},"end":{"line":31,"column":35}},"16":{"start":{"line":39,"column":0},"end":{"line":61,"column":3}},"17":{"start":{"line":40,"column":4},"end":{"line":59,"column":7}},"18":{"start":{"line":41,"column":8},"end":{"line":58,"column":10}},"19":{"start":{"line":42,"column":12},"end":{"line":42,"column":35}},"20":{"start":{"line":44,"column":27},"end":{"line":44,"column":74}},"21":{"start":{"line":45,"column":12},"end":{"line":54,"column":19}},"22":{"start":{"line":47,"column":20},"end":{"line":51,"column":null}},"23":{"start":{"line":48,"column":24},"end":{"line":48,"column":47}},"24":{"start":{"line":50,"column":24},"end":{"line":50,"column":42}},"25":{"start":{"line":53,"column":20},"end":{"line":53,"column":43}},"26":{"start":{"line":55,"column":12},"end":{"line":57,"column":15}},"27":{"start":{"line":56,"column":16},"end":{"line":56,"column":39}}},"fnMap":{"0":{"name":"(anonymous_0)","decl":{"start":{"line":15,"column":51},"end":{"line":15,"column":52}},"loc":{"start":{"line":15,"column":64},"end":{"line":34,"column":3}}},"1":{"name":"(anonymous_1)","decl":{"start":{"line":21,"column":18},"end":{"line":21,"column":19}},"loc":{"start":{"line":21,"column":30},"end":{"line":27,"column":13}}},"2":{"name":"(anonymous_2)","decl":{"start":{"line":27,"column":21},"end":{"line":27,"column":24}},"loc":{"start":{"line":27,"column":26},"end":{"line":29,"column":13}}},"3":{"name":"(anonymous_3)","decl":{"start":{"line":30,"column":45},"end":{"line":30,"column":48}},"loc":{"start":{"line":30,"column":50},"end":{"line":32,"column":9}}},"4":{"name":"(anonymous_4)","decl":{"start":{"line":39,"column":55},"end":{"line":39,"column":56}},"loc":{"start":{"line":39,"column":68},"end":{"line":61,"column":1}}},"5":{"name":"(anonymous_5)","decl":{"start":{"line":40,"column":41},"end":{"line":40,"column":42}},"loc":{"start":{"line":40,"column":53},"end":{"line":59,"column":5}}},"6":{"name":"(anonymous_6)","decl":{"start":{"line":46,"column":22},"end":{"line":46,"column":23}},"loc":{"start":{"line":46,"column":34},"end":{"line":52,"column":17}}},"7":{"name":"(anonymous_7)","decl":{"start":{"line":52,"column":25},"end":{"line":52,"column":28}},"loc":{"start":{"line":52,"column":30},"end":{"line":54,"column":17}}},"8":{"name":"(anonymous_8)","decl":{"start":{"line":55,"column":49},"end":{"line":55,"column":52}},"loc":{"start":{"line":55,"column":54},"end":{"line":57,"column":13}}}},"branchMap":{"0":{"loc":{"start":{"line":16,"column":19},"end":{"line":16,"column":104}},"type":"cond-expr","locations":[{"start":{"line":16,"column":43},"end":{"line":16,"column":92}},{"start":{"line":16,"column":95},"end":{"line":16,"column":104}}]},"1":{"loc":{"start":{"line":17,"column":4},"end":{"line":33,"column":null}},"type":"if","locations":[{"start":{"line":17,"column":4},"end":{"line":33,"column":null}},{"start":{"line":19,"column":11},"end":{"line":33,"column":null}}]},"2":{"loc":{"start":{"line":22,"column":16},"end":{"line":26,"column":null}},"type":"if","locations":[{"start":{"line":22,"column":16},"end":{"line":26,"column":null}},{"start":{"line":24,"column":23},"end":{"line":26,"column":null}}]},"3":{"loc":{"start":{"line":41,"column":8},"end":{"line":58,"column":10}},"type":"if","locations":[{"start":{"line":41,"column":8},"end":{"line":58,"column":10}},{"start":{"line":43,"column":15},"end":{"line":58,"column":10}}]},"4":{"loc":{"start":{"line":47,"column":20},"end":{"line":51,"column":null}},"type":"if","locations":[{"start":{"line":47,"column":20},"end":{"line":51,"column":null}},{"start":{"line":49,"column":27},"end":{"line":51,"column":null}}]}},"s":{"0":1,"1":1,"2":1,"3":1,"4":1,"5":1,"6":0,"7":0,"8":0,"9":0,"10":0,"11":0,"12":0,"13":0,"14":0,"15":0,"16":1,"17":0,"18":0,"19":0,"20":0,"21":0,"22":0,"23":0,"24":0,"25":0,"26":0,"27":0},"f":{"0":0,"1":0,"2":0,"3":0,"4":0,"5":0,"6":0,"7":0,"8":0},"b":{"0":[0,0],"1":[0,0],"2":[0,0],"3":[0,0],"4":[0,0]}}
,"/home/tana/Uni/Cuarto/SyTW/utopia-app/server/src/routers/get.ts": {"path":"/home/tana/Uni/Cuarto/SyTW/utopia-app/server/src/routers/get.ts","statementMap":{"0":{"start":{"line":1,"column":0},"end":{"line":1,"column":35}},"1":{"start":{"line":2,"column":0},"end":{"line":2,"column":42}},"2":{"start":{"line":3,"column":0},"end":{"line":3,"column":36}},"3":{"start":{"line":5,"column":0},"end":{"line":5,"column":53}},"4":{"start":{"line":10,"column":13},"end":{"line":10,"column":42}},"5":{"start":{"line":15,"column":0},"end":{"line":30,"column":3}},"6":{"start":{"line":16,"column":17},"end":{"line":16,"column":96}},"7":{"start":{"line":17,"column":2},"end":{"line":29,"column":null}},"8":{"start":{"line":18,"column":4},"end":{"line":18,"column":65}},"9":{"start":{"line":20,"column":4},"end":{"line":28,"column":7}},"10":{"start":{"line":21,"column":6},"end":{"line":25,"column":null}},"11":{"start":{"line":22,"column":8},"end":{"line":22,"column":49}},"12":{"start":{"line":24,"column":8},"end":{"line":24,"column":26}},"13":{"start":{"line":27,"column":6},"end":{"line":27,"column":29}},"14":{"start":{"line":36,"column":1},"end":{"line":46,"column":3}},"15":{"start":{"line":37,"column":2},"end":{"line":45,"column":5}},"16":{"start":{"line":38,"column":4},"end":{"line":42,"column":null}},"17":{"start":{"line":39,"column":6},"end":{"line":39,"column":51}},"18":{"start":{"line":41,"column":6},"end":{"line":41,"column":24}},"19":{"start":{"line":44,"column":4},"end":{"line":44,"column":27}},"20":{"start":{"line":52,"column":0},"end":{"line":67,"column":3}},"21":{"start":{"line":53,"column":16},"end":{"line":53,"column":72}},"22":{"start":{"line":54,"column":2},"end":{"line":66,"column":null}},"23":{"start":{"line":55,"column":4},"end":{"line":55,"column":57}},"24":{"start":{"line":57,"column":4},"end":{"line":65,"column":7}},"25":{"start":{"line":58,"column":6},"end":{"line":62,"column":null}},"26":{"start":{"line":59,"column":8},"end":{"line":59,"column":23}},"27":{"start":{"line":61,"column":8},"end":{"line":61,"column":50}},"28":{"start":{"line":64,"column":6},"end":{"line":64,"column":29}},"29":{"start":{"line":73,"column":0},"end":{"line":83,"column":3}},"30":{"start":{"line":74,"column":2},"end":{"line":82,"column":5}},"31":{"start":{"line":75,"column":4},"end":{"line":79,"column":null}},"32":{"start":{"line":76,"column":6},"end":{"line":76,"column":48}},"33":{"start":{"line":78,"column":6},"end":{"line":78,"column":21}},"34":{"start":{"line":81,"column":4},"end":{"line":81,"column":27}}},"fnMap":{"0":{"name":"(anonymous_0)","decl":{"start":{"line":15,"column":45},"end":{"line":15,"column":46}},"loc":{"start":{"line":15,"column":58},"end":{"line":30,"column":1}}},"1":{"name":"(anonymous_1)","decl":{"start":{"line":20,"column":33},"end":{"line":20,"column":34}},"loc":{"start":{"line":20,"column":45},"end":{"line":26,"column":5}}},"2":{"name":"(anonymous_2)","decl":{"start":{"line":26,"column":13},"end":{"line":26,"column":16}},"loc":{"start":{"line":26,"column":18},"end":{"line":28,"column":5}}},"3":{"name":"(anonymous_3)","decl":{"start":{"line":36,"column":50},"end":{"line":36,"column":51}},"loc":{"start":{"line":36,"column":63},"end":{"line":46,"column":1}}},"4":{"name":"(anonymous_4)","decl":{"start":{"line":37,"column":39},"end":{"line":37,"column":40}},"loc":{"start":{"line":37,"column":51},"end":{"line":43,"column":3}}},"5":{"name":"(anonymous_5)","decl":{"start":{"line":43,"column":11},"end":{"line":43,"column":14}},"loc":{"start":{"line":43,"column":16},"end":{"line":45,"column":3}}},"6":{"name":"(anonymous_6)","decl":{"start":{"line":52,"column":42},"end":{"line":52,"column":43}},"loc":{"start":{"line":52,"column":55},"end":{"line":67,"column":1}}},"7":{"name":"(anonymous_7)","decl":{"start":{"line":57,"column":52},"end":{"line":57,"column":53}},"loc":{"start":{"line":57,"column":61},"end":{"line":63,"column":5}}},"8":{"name":"(anonymous_8)","decl":{"start":{"line":63,"column":13},"end":{"line":63,"column":16}},"loc":{"start":{"line":63,"column":18},"end":{"line":65,"column":5}}},"9":{"name":"(anonymous_9)","decl":{"start":{"line":73,"column":46},"end":{"line":73,"column":47}},"loc":{"start":{"line":73,"column":59},"end":{"line":83,"column":1}}},"10":{"name":"(anonymous_10)","decl":{"start":{"line":74,"column":36},"end":{"line":74,"column":37}},"loc":{"start":{"line":74,"column":45},"end":{"line":80,"column":3}}},"11":{"name":"(anonymous_11)","decl":{"start":{"line":80,"column":11},"end":{"line":80,"column":14}},"loc":{"start":{"line":80,"column":16},"end":{"line":82,"column":3}}}},"branchMap":{"0":{"loc":{"start":{"line":16,"column":17},"end":{"line":16,"column":96}},"type":"cond-expr","locations":[{"start":{"line":16,"column":39},"end":{"line":16,"column":86}},{"start":{"line":16,"column":87},"end":{"line":16,"column":96}}]},"1":{"loc":{"start":{"line":17,"column":2},"end":{"line":29,"column":null}},"type":"if","locations":[{"start":{"line":17,"column":2},"end":{"line":29,"column":null}},{"start":{"line":19,"column":9},"end":{"line":29,"column":null}}]},"2":{"loc":{"start":{"line":21,"column":6},"end":{"line":25,"column":null}},"type":"if","locations":[{"start":{"line":21,"column":6},"end":{"line":25,"column":null}},{"start":{"line":23,"column":13},"end":{"line":25,"column":null}}]},"3":{"loc":{"start":{"line":38,"column":4},"end":{"line":42,"column":null}},"type":"if","locations":[{"start":{"line":38,"column":4},"end":{"line":42,"column":null}},{"start":{"line":40,"column":11},"end":{"line":42,"column":null}}]},"4":{"loc":{"start":{"line":53,"column":16},"end":{"line":53,"column":72}},"type":"cond-expr","locations":[{"start":{"line":53,"column":34},"end":{"line":53,"column":60}},{"start":{"line":53,"column":63},"end":{"line":53,"column":72}}]},"5":{"loc":{"start":{"line":54,"column":2},"end":{"line":66,"column":null}},"type":"if","locations":[{"start":{"line":54,"column":2},"end":{"line":66,"column":null}},{"start":{"line":56,"column":9},"end":{"line":66,"column":null}}]},"6":{"loc":{"start":{"line":58,"column":6},"end":{"line":62,"column":null}},"type":"if","locations":[{"start":{"line":58,"column":6},"end":{"line":62,"column":null}},{"start":{"line":60,"column":13},"end":{"line":62,"column":null}}]},"7":{"loc":{"start":{"line":75,"column":4},"end":{"line":79,"column":null}},"type":"if","locations":[{"start":{"line":75,"column":4},"end":{"line":79,"column":null}},{"start":{"line":77,"column":11},"end":{"line":79,"column":null}}]}},"s":{"0":1,"1":1,"2":1,"3":1,"4":1,"5":1,"6":0,"7":0,"8":0,"9":0,"10":0,"11":0,"12":0,"13":0,"14":1,"15":0,"16":0,"17":0,"18":0,"19":0,"20":1,"21":0,"22":0,"23":0,"24":0,"25":0,"26":0,"27":0,"28":0,"29":1,"30":0,"31":0,"32":0,"33":0,"34":0},"f":{"0":0,"1":0,"2":0,"3":0,"4":0,"5":0,"6":0,"7":0,"8":0,"9":0,"10":0,"11":0},"b":{"0":[0,0],"1":[0,0],"2":[0,0],"3":[0,0],"4":[0,0],"5":[0,0],"6":[0,0],"7":[0,0]}}
,"/home/tana/Uni/Cuarto/SyTW/utopia-app/server/src/routers/post.ts": {"path":"/home/tana/Uni/Cuarto/SyTW/utopia-app/server/src/routers/post.ts","statementMap":{"0":{"start":{"line":1,"column":0},"end":{"line":1,"column":27}},"1":{"start":{"line":3,"column":0},"end":{"line":3,"column":35}},"2":{"start":{"line":4,"column":0},"end":{"line":4,"column":44}},"3":{"start":{"line":5,"column":0},"end":{"line":5,"column":38}},"4":{"start":{"line":7,"column":12},"end":{"line":7,"column":35}},"5":{"start":{"line":8,"column":17},"end":{"line":8,"column":36}},"6":{"start":{"line":10,"column":0},"end":{"line":10,"column":54}},"7":{"start":{"line":15,"column":13},"end":{"line":15,"column":43}},"8":{"start":{"line":20,"column":0},"end":{"line":53,"column":3}},"9":{"start":{"line":21,"column":17},"end":{"line":21,"column":54}},"10":{"start":{"line":22,"column":2},"end":{"line":52,"column":5}},"11":{"start":{"line":23,"column":4},"end":{"line":48,"column":null}},"12":{"start":{"line":24,"column":21},"end":{"line":24,"column":38}},"13":{"start":{"line":25,"column":6},"end":{"line":27,"column":null}},"14":{"start":{"line":26,"column":8},"end":{"line":26,"column":53}},"15":{"start":{"line":28,"column":22},"end":{"line":36,"column":8}},"16":{"start":{"line":37,"column":6},"end":{"line":43,"column":9}},"17":{"start":{"line":38,"column":8},"end":{"line":40,"column":11}},"18":{"start":{"line":42,"column":8},"end":{"line":42,"column":36}},"19":{"start":{"line":45,"column":6},"end":{"line":47,"column":9}},"20":{"start":{"line":50,"column":4},"end":{"line":50,"column":21}},"21":{"start":{"line":51,"column":4},"end":{"line":51,"column":27}},"22":{"start":{"line":59,"column":0},"end":{"line":96,"column":3}},"23":{"start":{"line":60,"column":2},"end":{"line":95,"column":null}},"24":{"start":{"line":61,"column":4},"end":{"line":63,"column":7}},"25":{"start":{"line":65,"column":19},"end":{"line":65,"column":67}},"26":{"start":{"line":66,"column":4},"end":{"line":94,"column":7}},"27":{"start":{"line":67,"column":21},"end":{"line":67,"column":49}},"28":{"start":{"line":68,"column":6},"end":{"line":91,"column":null}},"29":{"start":{"line":69,"column":8},"end":{"line":71,"column":11}},"30":{"start":{"line":73,"column":22},"end":{"line":73,"column":70}},"31":{"start":{"line":74,"column":8},"end":{"line":90,"column":null}},"32":{"start":{"line":75,"column":30},"end":{"line":75,"column":49}},"33":{"start":{"line":76,"column":23},"end":{"line":76,"column":51}},"34":{"start":{"line":78,"column":30},"end":{"line":78,"column":77}},"35":{"start":{"line":79,"column":10},"end":{"line":85,"column":13}},"36":{"start":{"line":87,"column":10},"end":{"line":89,"column":13}},"37":{"start":{"line":93,"column":6},"end":{"line":93,"column":29}},"38":{"start":{"line":102,"column":1},"end":{"line":138,"column":3}},"39":{"start":{"line":103,"column":2},"end":{"line":137,"column":null}},"40":{"start":{"line":104,"column":4},"end":{"line":106,"column":null}},"41":{"start":{"line":108,"column":4},"end":{"line":136,"column":7}},"42":{"start":{"line":109,"column":6},"end":{"line":135,"column":null}},"43":{"start":{"line":110,"column":8},"end":{"line":112,"column":11}},"44":{"start":{"line":114,"column":27},"end":{"line":114,"column":69}},"45":{"start":{"line":115,"column":24},"end":{"line":122,"column":10}},"46":{"start":{"line":124,"column":8},"end":{"line":134,"column":11}},"47":{"start":{"line":126,"column":10},"end":{"line":126,"column":39}},"48":{"start":{"line":127,"column":10},"end":{"line":131,"column":13}},"49":{"start":{"line":128,"column":12},"end":{"line":128,"column":39}},"50":{"start":{"line":130,"column":12},"end":{"line":130,"column":40}},"51":{"start":{"line":133,"column":10},"end":{"line":133,"column":38}}},"fnMap":{"0":{"name":"(anonymous_0)","decl":{"start":{"line":20,"column":27},"end":{"line":20,"column":32}},"loc":{"start":{"line":20,"column":46},"end":{"line":53,"column":1}}},"1":{"name":"(anonymous_1)","decl":{"start":{"line":22,"column":31},"end":{"line":22,"column":36}},"loc":{"start":{"line":22,"column":49},"end":{"line":49,"column":3}}},"2":{"name":"(anonymous_2)","decl":{"start":{"line":37,"column":26},"end":{"line":37,"column":29}},"loc":{"start":{"line":37,"column":31},"end":{"line":41,"column":7}}},"3":{"name":"(anonymous_3)","decl":{"start":{"line":41,"column":15},"end":{"line":41,"column":16}},"loc":{"start":{"line":41,"column":25},"end":{"line":43,"column":7}}},"4":{"name":"(anonymous_4)","decl":{"start":{"line":49,"column":11},"end":{"line":49,"column":12}},"loc":{"start":{"line":49,"column":19},"end":{"line":52,"column":3}}},"5":{"name":"(anonymous_5)","decl":{"start":{"line":59,"column":26},"end":{"line":59,"column":27}},"loc":{"start":{"line":59,"column":39},"end":{"line":96,"column":1}}},"6":{"name":"(anonymous_6)","decl":{"start":{"line":66,"column":33},"end":{"line":66,"column":38}},"loc":{"start":{"line":66,"column":51},"end":{"line":92,"column":5}}},"7":{"name":"(anonymous_7)","decl":{"start":{"line":92,"column":13},"end":{"line":92,"column":16}},"loc":{"start":{"line":92,"column":18},"end":{"line":94,"column":5}}},"8":{"name":"(anonymous_8)","decl":{"start":{"line":102,"column":45},"end":{"line":102,"column":46}},"loc":{"start":{"line":102,"column":58},"end":{"line":138,"column":1}}},"9":{"name":"(anonymous_9)","decl":{"start":{"line":108,"column":75},"end":{"line":108,"column":80}},"loc":{"start":{"line":108,"column":93},"end":{"line":136,"column":5}}},"10":{"name":"(anonymous_10)","decl":{"start":{"line":124,"column":28},"end":{"line":124,"column":29}},"loc":{"start":{"line":124,"column":37},"end":{"line":132,"column":9}}},"11":{"name":"(anonymous_11)","decl":{"start":{"line":127,"column":30},"end":{"line":127,"column":33}},"loc":{"start":{"line":127,"column":35},"end":{"line":129,"column":11}}},"12":{"name":"(anonymous_12)","decl":{"start":{"line":129,"column":19},"end":{"line":129,"column":20}},"loc":{"start":{"line":129,"column":29},"end":{"line":131,"column":11}}},"13":{"name":"(anonymous_13)","decl":{"start":{"line":132,"column":17},"end":{"line":132,"column":18}},"loc":{"start":{"line":132,"column":27},"end":{"line":134,"column":9}}}},"branchMap":{"0":{"loc":{"start":{"line":23,"column":4},"end":{"line":48,"column":null}},"type":"if","locations":[{"start":{"line":23,"column":4},"end":{"line":48,"column":null}},{"start":{"line":44,"column":11},"end":{"line":48,"column":null}}]},"1":{"loc":{"start":{"line":25,"column":6},"end":{"line":27,"column":null}},"type":"if","locations":[{"start":{"line":25,"column":6},"end":{"line":27,"column":null}}]},"2":{"loc":{"start":{"line":60,"column":2},"end":{"line":95,"column":null}},"type":"if","locations":[{"start":{"line":60,"column":2},"end":{"line":95,"column":null}},{"start":{"line":64,"column":9},"end":{"line":95,"column":null}}]},"3":{"loc":{"start":{"line":68,"column":6},"end":{"line":91,"column":null}},"type":"if","locations":[{"start":{"line":68,"column":6},"end":{"line":91,"column":null}},{"start":{"line":72,"column":13},"end":{"line":91,"column":null}}]},"4":{"loc":{"start":{"line":74,"column":8},"end":{"line":90,"column":null}},"type":"if","locations":[{"start":{"line":74,"column":8},"end":{"line":90,"column":null}},{"start":{"line":86,"column":15},"end":{"line":90,"column":null}}]},"5":{"loc":{"start":{"line":103,"column":2},"end":{"line":137,"column":null}},"type":"if","locations":[{"start":{"line":103,"column":2},"end":{"line":137,"column":null}},{"start":{"line":107,"column":9},"end":{"line":137,"column":null}}]},"6":{"loc":{"start":{"line":109,"column":6},"end":{"line":135,"column":null}},"type":"if","locations":[{"start":{"line":109,"column":6},"end":{"line":135,"column":null}},{"start":{"line":113,"column":13},"end":{"line":135,"column":null}}]}},"s":{"0":1,"1":1,"2":1,"3":1,"4":1,"5":1,"6":1,"7":1,"8":1,"9":5,"10":5,"11":5,"12":4,"13":4,"14":3,"15":4,"16":4,"17":0,"18":4,"19":1,"20":0,"21":0,"22":1,"23":0,"24":0,"25":0,"26":0,"27":0,"28":0,"29":0,"30":0,"31":0,"32":0,"33":0,"34":0,"35":0,"36":0,"37":0,"38":1,"39":0,"40":0,"41":0,"42":0,"43":0,"44":0,"45":0,"46":0,"47":0,"48":0,"49":0,"50":0,"51":0},"f":{"0":5,"1":5,"2":0,"3":4,"4":0,"5":0,"6":0,"7":0,"8":0,"9":0,"10":0,"11":0,"12":0,"13":0},"b":{"0":[4,1],"1":[3],"2":[0,0],"3":[0,0],"4":[0,0],"5":[0,0],"6":[0,0]}}
}
